node: n001.modi, degree: 8, start 2026-07-11 18:29:05
image: /home/tmb790_ku_dk/modi_images/hpc-notebook-25.11.5.sif
staging data into /dev/shm/fulldiff.wXpQRw ...
== Full differential (degrees: 8, wheel-limit 0) on Linux x86_64, 128-way ==
   C++ =/home/tmb790_ku_dk/modi_mount/computer-checks/build/src/main
   Rust=/home/tmb790_ku_dk/modi_mount/4ct-checks-rust-lean/rust_port/target/release/main
   Lean=/home/tmb790_ku_dk/modi_mount/4ct-checks-rust-lean/lean4_port/.lake/build/bin/main
-- combine_rules --
   combined rules: 671  (paper: 671)  MATCH
  combine_rules: rust == C++  OK
  combine_rules: lean == C++  OK
-- enum_wheels --
   d8 wheels: 6790  (paper: 6790)  MATCH
  enum_wheels d8: rust == C++  OK
  enum_wheels d8: lean == C++  OK
-- enum_cartwheels --
   [cpp] enum_cartwheels: 6790 wheels, 128-way ...
   [cpp] enum_cartwheels done: 6790 wheels in 321.07s
   [rust] enum_cartwheels: 6790 wheels, 128-way ...
   [rust] enum_cartwheels done: 6790 wheels in 275.52s
   [lean] enum_cartwheels: 6790 wheels, 128-way ...
   [lean] enum_cartwheels done: 6790 wheels in 885.12s
   bad cartwheels: 728  (paper: 728)  MATCH
  enum_cartwheels: rust == C++  OK
  enum_cartwheels: lean == C++  OK
-- checks (no output files; ports must agree on pass/fail) --
  check_deg7: all agree (exit 0)  OK
  check_deg8: all agree (exit 0)  OK
  check_7triangle: all agree (exit 0)  OK
== Per-port wall-clock seconds (degrees 8; enum_cartwheels is 128-way parallel) ==
   stage                   C++       Rust       Lean   Rust/C++   Lean/C++
   combine                6.91       0.84       2.59      0.12x      0.37x
   wheels               114.66       2.12       7.95      0.02x      0.07x
   cart                 321.07     275.52     885.12      0.86x      2.76x
   check                750.18     615.41    2921.07      0.82x      3.89x
   TOTAL               1192.82     893.89    3816.73      0.75x      3.20x
All checks passed (degrees: 8): ports agree AND every count matches the published values.
=> degree 8: PASS (exit 0); recorded in /home/tmb790_ku_dk/modi_mount/full-summary.txt
